4.9182	53.82	65.3
4.98973	53.82	65.3
5.06231	53.83	65.3
5.13594	53.83	65.3
5.21065	53.84	65.3
5.28644	53.86	65.3
5.36333	53.88	65.3
5.44134	53.92	65.3
5.52049	53.96	65.3
5.60078	54.02	65.3
5.68225	54.11	65.3
5.7649	54.23	65.3
5.84875	54.4	65.3
5.93382	54.63	65.3
6.02013	54.93	65.3
6.1077	55.33	65.3
6.19654	55.83	65.3
6.28667	56.46	65.3
6.37811	57.22	65.3
6.47088	57.97	65.3
6.565	58.52	65.3
6.66049	58.86	65.2
6.75737	59.09	65.2
6.85566	59.23	65.2
6.95538	59.32	65.2
7.05655	59.38	65.2
7.15919	59.4	65.2
7.26332	59.39	65.2
7.36897	59.36	65.1
7.47615	59.29	65.1
7.58489	59.18	65
7.69522	59.01	64.8
7.80715	58.74	64.7
7.92071	58.32	64.4
8.03592	57.73	64.1
8.1528	57.04	63.6
8.27139	56.42	62.9
8.3917	55.96	61.9
8.51376	55.63	60.4
8.63759	55.43	58.4
8.76323	55.37	55.6
8.89069	55.43	51.5
9.02001	55.62	45.8
9.15121	55.95	37.6
9.28432	56.42	26.1
9.41936	56.96	11.5
9.55637	57.47	-4
9.69537	57.88	-18.9
9.83639	58.17	-31.2
9.97946	58.31	-40.6
10.12462	58.35	-48.2
10.27188	58.3	-55.1
10.42129	58.13	-61.9
10.57287	57.83	-69.7
10.72666	57.39	-78.1
10.88268	56.9	-86
11.04098	56.37	-93.4
11.20157	55.73	-101
11.3645	54.97	-108.7
11.5298	54.26	-115.2
11.69751	53.75	-120.2
11.86765	53.46	-124.4
12.04027	53.34	-127.9
12.2154	53.32	-130.7
12.39308	53.33	-132.8
12.57334	53.38	-134.6
12.75622	53.47	-136.1
12.94176	53.58	-137.3
13.13001	53.61	-137.9
13.32099	53.58	-137.8
13.51474	53.52	-137.3
13.71132	53.46	-136.4
13.91076	53.39	-135
14.11309	53.31	-133.1
14.31837	53.2	-130.3
14.52664	53.04	-126.3
14.73793	52.89	-121.6
14.9523	52.85	-117.5
15.16979	52.99	-114.4
15.39044	53.32	-112
15.6143	53.82	-110
15.84141	54.49	-108.1
16.07183	55.24	-106.1
16.3056	55.91	-104.1
16.54277	56.46	-102.7
16.78339	56.97	-102.2
17.02751	57.49	-102.4
17.27518	58.07	-103.4
17.52646	58.69	-105.2
17.78138	59.27	-107.5
18.04002	59.74	-109.9
18.30242	60.15	-112.5
18.56863	60.56	-115.5
18.83872	60.96	-119
19.11274	61.32	-122.8
19.39074	61.63	-126.6
19.67278	61.88	-130.6
19.95893	62.09	-134.8
20.24924	62.26	-138.7
20.54377	62.42	-142.4
20.84259	62.6	-146.3
21.14575	62.78	-150.4
21.45332	62.96	-154.2
21.76537	63.12	-157.4
22.08195	63.27	-160.5
22.40314	63.45	-163.7
22.729	63.63	-167.1
23.0596	63.79	-170.2
23.39501	63.94	-172.9
23.7353	64.08	-175.7
24.08054	64.23	-178.7
24.4308	64.36	178.3
24.78615	64.45	175.2
25.14667	64.5	171.9
25.51244	64.51	168.2
25.88353	64.51	164.4
26.26001	64.46	161.2
26.64197	64.38	158.3
27.02949	64.27	155.8
27.42264	64.12	153.4
27.82151	63.94	151.2
28.22619	63.71	149.2
28.63675	63.46	147.7
29.05328	63.17	146.5
29.47587	62.84	145.7
29.9046	62.51	145.4
30.33958	62.2	145.9
30.78088	61.89	147
31.22859	61.66	148.5
31.68282	61.51	150.5
32.14366	61.44	152.9
32.6112	61.46	155.4
33.08554	61.61	158
33.56678	61.89	160.8
34.05502	62.27	163.4
34.55036	62.73	165.9
35.05291	63.26	168.1
35.56277	63.83	170.1
36.08004	64.39	171.6
36.60484	64.93	172.6
37.13727	65.47	173.2
37.67744	66	173.3
38.22547	66.53	172.9
38.78147	67.06	172.3
39.34556	67.57	171.4
39.91786	68.07	170.4
40.49848	68.56	169.3
41.08754	69.06	168.1
41.68517	69.58	166.9
42.2915	70.11	165.5
42.90664	70.66	164.1
43.53073	71.21	162.5
44.1639	71.78	160.8
44.80628	72.35	158.9
45.458	72.9	156.8
46.1192	73.43	154.5
46.79002	73.95	151.9
47.4706	74.46	149
48.16108	74.95	145.9
48.86159	75.42	142.4
49.5723	75.86	138.6
50.29335	76.26	134.5
51.02488	76.63	130.2
51.76706	76.96	125.4
52.52003	77.24	120.4
53.28395	77.47	115.2
54.05898	77.64	110.1
54.84529	77.75	104.8
55.64303	77.81	99.4
56.45238	77.83	93.9
57.27349	77.8	88.2
58.10656	77.72	82.7
58.95174	77.59	77.3
59.80921	77.41	72
60.67915	77.16	67.2
61.56175	76.86	62.8
62.45719	76.5	59
63.36565	76.09	55.7
64.28732	75.63	53.1
65.2224	75.13	51.1
66.17109	74.59	49.8
67.13357	74.02	49.1
68.11005	73.42	49
69.10073	72.82	49.5
70.10582	72.23	50.5
71.12554	71.67	52.1
72.16008	71.17	54
73.20967	70.77	56.1
74.27453	70.47	58.3
75.35488	70.29	60.5
76.45094	70.25	62.7
77.56295	70.31	64.8
78.69113	70.45	66.6
79.83571	70.66	68.1
80.99695	70.9	69.2
82.17508	71.17	69.8
83.37034	71.45	70.2
84.58299	71.72	70.2
85.81328	71.97	69.8
87.06146	72.19	69.3
88.3278	72.38	68.6
89.61256	72.55	67.8
90.916	72.71	67
92.23841	72.85	66.3
93.58005	72.99	65.7
94.9412	73.15	65.3
96.32215	73.33	65
97.72319	73.55	64.8
99.14461	73.82	64.8
100.5867	74.14	64.8
102.04976	74.53	64.9
103.53411	74.97	64.9
105.04005	75.46	64.8
106.56789	75.97	64.4
108.11796	76.48	63.7
109.69057	76.99	62.6
111.28606	77.5	61
112.90475	77.98	58.8
114.54699	78.44	56
116.21311	78.84	52.6
117.90347	79.18	48.7
119.61842	79.44	44.3
121.35831	79.63	39.5
123.1235	79.75	34.5
124.91438	79.8	29.4
126.7313	79.79	24.2
128.57465	79.72	19.1
130.44481	79.59	14
132.34217	79.39	9.1
134.26713	79.14	4.5
136.22009	78.82	0.4
138.20146	78.44	-3
140.21165	77.98	-5.9
142.25107	77.46	-7.9
144.32016	76.91	-8.9
146.41935	76.33	-9
148.54906	75.75	-8
150.70976	75.2	-6.3
152.90188	74.72	-3.9
155.12589	74.34	-1.2
157.38225	74.09	1.8
159.67143	74.01	4.7
161.9939	74.09	7.5
164.35016	74.32	10
166.74069	74.67	12.2
169.16599	75.08	13.8
171.62656	75.5	14.7
174.12293	75.91	14.8
176.6556	76.27	14
179.22512	76.57	12.3
181.83201	76.81	9.7
184.47682	76.97	6.5
187.16009	77.06	2.9
189.8824	77.08	-0.9
192.6443	77.03	-4.7
195.44638	76.92	-8.2
198.28921	76.75	-11.3
201.1734	76.53	-13.8
204.09953	76.27	-15.9
207.06823	75.97	-17.4
210.0801	75.64	-18.4
213.13579	75.32	-19.1
216.23592	75.02	-19.4
219.38114	74.74	-19.5
222.57212	74.51	-19.4
225.8095	74.33	-19.3
229.09398	74.21	-19.1
232.42622	74.14	-18.9
235.80694	74.11	-18.8
239.23683	74.13	-18.8
242.71661	74.19	-19
246.24701	74.26	-19.5
249.82875	74.35	-20.2
253.4626	74.44	-21.1
257.14929	74.52	-22.2
260.88962	74.59	-23.3
264.68434	74.65	-24.5
268.53427	74.71	-25.6
272.44019	74.79	-26.8
276.40292	74.89	-28
280.42329	75	-29.4
284.50214	75.12	-31.1
288.64032	75.23	-33.1
292.83869	75.31	-35.3
297.09813	75.36	-37.6
301.41952	75.38	-40.1
305.80377	75.36	-42.7
310.25179	75.32	-45.3
314.7645	75.26	-47.8
319.34286	75.17	-50.5
323.98781	75.05	-53.1
328.70032	74.91	-55.8
333.48138	74.72	-58.4
338.33197	74.5	-60.9
343.25313	74.22	-63.3
348.24586	73.91	-65.5
353.31121	73.57	-67.4
358.45024	73.2	-68.9
363.66402	72.8	-70.1
368.95363	72.4	-70.9
374.32019	71.98	-71.1
379.7648	71.56	-70.9
385.28861	71.15	-70
390.89276	70.76	-68.7
396.57842	70.43	-67
402.34679	70.17	-65.1
408.19906	69.99	-63.3
414.13645	69.9	-61.5
420.1602	69.88	-60
426.27158	69.92	-58.7
432.47184	70.01	-57.8
438.76229	70.12	-57.2
445.14423	70.24	-57
451.619	70.35	-57.1
458.18795	70.45	-57.8
464.85245	70.53	-58.9
471.61388	70.57	-60.4
478.47367	70.56	-62.2
485.43323	70.49	-64.1
492.49401	70.36	-65.8
499.6575	70.18	-67.1
506.92519	69.96	-68.1
514.29859	69.72	-68.6
521.77923	69.46	-68.7
529.36869	69.21	-68.5
537.06853	68.97	-67.9
544.88037	68.77	-67
552.80584	68.63	-65.9
560.84659	68.55	-64.6
569.00429	68.54	-63.3
577.28065	68.6	-62.1
585.67739	68.74	-60.9
594.19626	68.92	-60
602.83904	69.12	-59.4
611.60754	69.33	-59
620.50358	69.54	-58.8
629.52901	69.76	-58.6
638.68572	70	-58.5
647.97562	70.27	-58.5
657.40064	70.57	-58.7
666.96275	70.9	-59
676.66395	71.25	-59.5
686.50625	71.62	-60.1
696.49171	72.02	-60.8
706.62242	72.45	-61.6
716.90048	72.9	-62.6
727.32804	73.38	-63.8
737.90727	73.86	-65.3
748.64037	74.34	-67.1
759.5296	74.81	-69.4
770.57721	75.26	-72.2
781.78552	75.67	-75.5
793.15685	76.05	-79.3
804.69358	76.38	-83.5
816.39812	76.67	-88.1
828.2729	76.9	-93.1
840.32041	77.09	-98.3
852.54315	77.23	-103.9
864.94368	77.32	-109.6
877.52457	77.36	-115.5
890.28846	77.35	-121.5
903.238	77.29	-127.5
916.3759	77.18	-133.4
929.7049	77.01	-139.2
943.22777	76.79	-144.8
956.94733	76.52	-150.2
970.86645	76.2	-155.2
984.98803	75.84	-159.9
999.31501	75.44	-164.1
1013.8504	75.01	-168
1028.5972	74.54	-171.4
1043.5585	74.05	-174.5
1058.7374	73.53	-177.1
1074.1371	72.99	-179.3
1089.7607	72.46	178.9
1105.6117	71.95	177.3
1121.6932	71.47	175.9
1138.0086	71.03	174.6
1154.5613	70.64	173.2
1171.3548	70.29	171.7
1188.3925	69.99	170.2
1205.6781	69.73	168.6
1223.2151	69.51	166.9
1241.0072	69.32	165
1259.058	69.16	163
1277.3714	69.01	160.7
1295.9512	68.88	158.3
1314.8013	68.74	155.7
1333.9255	68.59	152.9
1353.3279	68.41	150
1373.0125	68.2	147.1
1392.9834	67.96	144.3
1413.2448	67.71	141.6
1433.801	67.44	139.1
1454.6561	67.17	136.7
1475.8145	66.89	134.5
1497.2807	66.6	132.4
1519.0592	66.32	130.5
1541.1544	66.05	128.6
1563.571	65.79	126.8
1586.3137	65.56	124.9
1609.3872	65.33	122.8
1632.7962	65.13	120.7
1656.5458	64.95	118.3
1680.6408	64.79	115.8
1705.0863	64.65	112.9
1729.8874	64.51	109.9
1755.0491	64.37	106.5
1780.5769	64.23	102.8
1806.476	64.07	98.8
1832.7518	63.88	94.4
1859.4098	63.65	90
1886.4555	63.36	85.5
1913.8947	63.01	81.2
1941.7329	62.61	77.3
1969.9761	62.14	73.9
1998.63	61.63	70.9
2027.7008	61.08	68.4
2057.1943	60.48	66.2
2087.1169	59.83	64.1
2117.4747	59.14	62.1
2148.2741	58.39	59.9
2179.5215	57.6	57.4
2211.2234	56.79	54.3
2243.3863	55.96	50.2
2276.0171	55.14	44.7
2309.1226	54.37	37.4
2342.7095	53.67	28
2376.785	53.06	16.2
2411.3562	52.57	2.4
2446.4302	52.18	-13
2482.0143	51.92	-29.4
2518.116	51.78	-46.4
2554.7429	51.77	-63.6
2591.9025	51.91	-80.7
2629.6026	52.2	-97.3
2667.851	52.64	-113.2
2706.6558	53.21	-128.2
2746.025	53.87	-142.2
2785.9669	54.56	-154.9
2826.4897	55.24	-166.2
2867.6019	55.87	-175.7
2909.3121	56.44	176.2
2951.6291	56.94	169.3
2994.5615	57.37	163.3
3038.1184	57.73	157.8
3082.3088	58.01	152.7
3127.1421	58.22	147.8
3172.6274	58.35	143
3218.7743	58.4	138.4
3265.5925	58.38	134.2
3313.0916	58.29	130.6
3361.2816	58.14	127.8
3410.1726	57.94	125.9
3459.7747	57.7	124.9
3510.0983	57.44	124.7
3561.1538	57.19	125.2
3612.952	56.97	126.2
3665.5036	56.81	127.7
3718.8196	56.73	129.5
3772.9111	56.75	131.6
3827.7893	56.88	133.7
3883.4658	57.1	135.8
3939.9521	57.4	137.8
3997.26	57.75	139.4
4055.4015	58.12	140.6
4114.3887	58.49	141.3
4174.2339	58.85	141.5
4234.9495	59.19	141.2
4296.5482	59.5	140.5
4359.043	59.78	139.6
4422.4467	60.04	138.5
4486.7727	60.29	137.4
4552.0343	60.53	136.3
4618.2452	60.77	135.2
4685.4191	61.02	134.1
4753.5701	61.28	132.9
4822.7123	61.54	131.7
4892.8603	61.79	130.3
4964.0286	62.05	128.9
5036.2321	62.29	127.3
5109.4857	62.51	125.5
5183.8049	62.72	123.6
5259.2051	62.9	121.5
5335.702	63.05	119.1
5413.3116	63.17	116.5
5492.05	63.25	113.8
5571.9337	63.28	110.9
5652.9794	63.26	108
5735.2038	63.19	105.2
5818.6243	63.07	102.5
5903.2581	62.92	100.1
5989.123	62.72	98
6076.2368	62.5	96.2
6164.6177	62.24	94.6
6254.2841	61.96	93.3
6345.2548	61.66	92.1
6437.5486	61.34	91.2
6531.1849	61.01	90.4
6626.1832	60.66	89.7
6722.5633	60.3	89.3
6820.3452	59.95	88.9
6919.5494	59.59	88.8
7020.1966	59.22	89
7122.3077	58.86	89.6
7225.904	58.49	90.6
7331.0072	58.11	92
7437.6392	57.74	94
7545.8221	57.37	96.4
7655.5786	57.01	99.3
7766.9316	56.68	102.5
7879.9042	56.4	106.1
7994.5201	56.19	110
8110.803	56.08	114.1
8228.7774	56.09	118.3
8348.4677	56.22	122.5
8469.899	56.47	126.5
8593.0965	56.8	130.2
8718.086	57.19	133.5
8844.8934	57.6	136.3
8973.5454	58.02	138.5
9104.0686	58.43	140.1
9236.4903	58.81	141.2
9370.8382	59.17	141.9
9507.1402	59.5	142.3
9645.4247	59.82	142.3
9785.7206	60.12	142
9928.0572	60.4	141.5
10072.464	60.65	140.7
10218.971	60.87	139.7
10367.61	61.06	138.5
10518.41	61.21	137.2
10671.404	61.34	135.8
10826.623	61.43	134.5
10984.1	61.49	133.1
11143.867	61.53	131.8
11305.959	61.54	130.5
11470.408	61.53	129.2
11637.249	61.49	128
11806.516	61.41	126.9
11978.246	61.31	126.1
12152.474	61.17	125.5
12329.235	61.01	125.3
12508.568	60.84	125.5
12690.51	60.67	126.1
12875.097	60.51	126.9
13062.37	60.38	127.9
13252.366	60.28	129.1
13445.127	60.22	130.3
13640.69	60.2	131.5
13839.099	60.23	132.7
14040.393	60.29	133.7
14244.615	60.38	134.5
14451.808	60.49	135
14662.014	60.62	135.1
14875.278	60.73	134.8
15091.644	60.84	134.1
15311.157	60.91	133
15533.863	60.95	131.6
15759.808	60.95	129.8
15989.04	60.9	128
16221.606	60.8	126
16457.555	60.63	124.1
16696.935	60.41	122.4
16939.798	60.13	121
17186.193	59.79	120.1
17436.172	59.41	119.7
17689.787	58.97	119.8
17947.091	58.51	120.5
18208.137	58.01	121.6
18472.981	57.51	123.1
18741.676	57.02	124.7
19014.28	56.57	126.3
19290.849	56.2	127.8
19571.441	55.94	128.9
19856.114	55.85	129.3
