" Omnimic generated EQ response setting file
" Frequency[Hz]   Rel Magnitude[dB]
20	7.97
20.56261	7.64
21.14104	7.3
21.73575	6.98
22.34718	6.66
22.97582	6.32
23.62214	6.04
24.28663	5.76
24.96983	5.6
25.67224	5.57
26.39441	5.64
27.13689	5.84
27.90026	6.18
28.68511	6.65
29.49203	7.25
30.32165	7.87
31.17461	8.4
32.05157	8.64
32.95319	8.52
33.88018	7.95
34.83324	7.06
35.81311	5.98
36.82055	4.93
37.85632	3.9
38.92124	2.89
40.01611	1.92
41.14177	0.97
42.29911	-0.04
43.489	-1.1
44.71236	-2.19
45.97013	-3.24
47.26329	-4.23
48.59283	-5.16
49.95976	-6
51.36515	-6.71
52.81007	-7.26
54.29564	-7.6
55.82299	-7.74
57.39332	-7.71
59.00781	-7.5
60.66772	-7.09
62.37433	-6.46
64.12894	-5.63
65.93292	-4.65
67.78763	-3.54
69.69453	-2.39
71.65506	-1.32
73.67074	-0.54
75.74313	-0.19
77.87381	-0.26
80.06443	-0.63
82.31668	-1.12
84.63228	-1.65
87.01301	-2.1
89.46072	-2.46
91.97729	-2.75
94.56464	-3.03
97.22478	-3.39
99.95975	-3.92
102.77166	-4.66
105.66267	-5.59
108.635	-6.57
111.69094	-7.54
114.83285	-8.44
118.06314	-9.13
121.3843	-9.56
124.79889	-9.72
128.30953	-9.65
131.91893	-9.36
135.62985	-8.84
139.44517	-8.08
143.36782	-7.09
147.40081	-5.98
151.54725	-4.93
155.81033	-4.17
160.19334	-3.94
164.69964	-4.29
169.3327	-5.03
174.0961	-5.83
178.99349	-6.47
184.02864	-6.87
189.20544	-7
194.52786	-6.88
200	-6.55
205.62608	-6.04
211.41042	-5.42
217.35747	-4.84
223.47182	-4.38
229.75817	-4.11
236.22135	-4.04
242.86635	-4.11
249.69827	-4.27
256.72238	-4.44
263.94408	-4.56
271.36893	-4.69
279.00264	-4.89
286.85109	-5.11
294.92032	-5.27
303.21654	-5.3
311.74614	-5.22
320.51567	-5.06
329.5319	-4.8
338.80176	-4.39
348.33238	-3.83
358.13111	-3.14
368.20547	-2.38
378.56323	-1.57
389.21236	-0.79
400.16105	-0.18
411.41773	0.15
422.99107	0.18
434.88997	0.03
447.12359	-0.2
459.70135	-0.4
472.63292	-0.5
485.92827	-0.41
499.59762	-0.11
513.65149	0.34
528.1007	0.83
542.95637	1.26
558.22994	1.51
573.93316	1.51
590.07812	1.25
606.67725	0.86
623.74331	0.46
641.28945	0
659.32916	-0.56
677.87634	-1.21
696.94526	-1.96
716.5506	-2.81
736.70744	-3.73
757.4313	-4.64
778.73813	-5.49
800.64433	-6.19
823.16676	-6.73
846.32276	-7.09
870.13014	-7.27
894.60723	-7.26
919.77288	-7.06
945.64644	-6.67
972.24783	-6.09
999.59753	-5.35
1027.7166	-4.49
1056.6267	-3.52
1086.35	-2.5
1116.9094	-1.53
1148.3285	-0.7
1180.6314	-0.05
1213.843	0.45
1247.9889	0.82
1283.0953	1.11
1319.1893	1.37
1356.2985	1.7
1394.4517	2.13
1433.6782	2.63
1474.0081	3.17
1515.4725	3.71
1558.1033	4.22
1601.9334	4.67
1646.9964	5.05
1693.327	5.36
1740.961	5.63
1789.9349	5.9
1840.2864	6.26
1892.0544	6.78
1945.2786	7.53
2000	8.47
2056.2608	9.58
2114.1042	10.86
2173.5747	12.32
2234.7182	13.9
2297.5817	15.45
2362.2135	16.77
2428.6635	17.71
2496.9827	18.24
2567.2238	18.29
2639.4408	17.78
2713.6893	16.75
2790.0264	15.44
2868.5109	14.19
2949.2032	13.16
3032.1654	12.39
3117.4614	11.9
3205.1567	11.68
3295.319	11.74
3388.0176	12.05
3483.3238	12.5
3581.3111	12.98
3682.0547	13.3
3785.6323	13.31
3892.1236	12.94
4001.6105	12.3
4114.1773	11.59
4229.9107	10.92
4348.8997	10.34
4471.2359	9.85
4597.0135	9.39
4726.3292	8.91
4859.2827	8.41
4995.9762	7.92
5136.5149	7.49
5281.007	7.13
5429.5637	6.89
5582.2994	6.8
5739.3316	6.89
5900.7812	7.16
6066.7725	7.55
6237.4331	8.06
6412.8945	8.65
6593.2916	9.3
6778.7634	9.98
6969.4526	10.67
7165.506	11.37
7367.0744	12.09
7574.313	12.81
7787.3813	13.45
8006.4433	13.9
8231.6676	13.99
8463.2276	13.63
8701.3014	12.94
8946.0723	12.14
9197.7288	11.38
9456.4644	10.7
9722.4783	10.09
9995.9753	9.56
10277.166	9.13
10566.267	8.82
10863.5	8.63
11169.094	8.55
11483.285	8.55
11806.314	8.66
12138.43	8.89
12479.889	9.21
12830.953	9.53
13191.893	9.77
13562.985	9.87
13944.517	9.82
14336.782	9.65
14740.081	9.42
15154.725	9.22
15581.033	9.13
16019.334	9.19
16469.964	9.45
16933.27	9.94
17409.61	10.63
17899.349	11.48
18402.864	12.43
18920.544	13.36
19452.786	14.05
20000	14.28
